Sun, 08 Jan 2012 17:18:27 - Information : Autoload HttpRequest - require() - url     / - file index.php - line      43 - time 0.936069
Sun, 08 Jan 2012 17:18:27 - Information : Autoload Jet - require() - url     / - file index.php - line      43 - time 0.936375
Sun, 08 Jan 2012 17:18:27 - Information : Autoload Log - require() - url     / - file index.php - line      43 - time 0.937042
Sun, 08 Jan 2012 17:18:27 - Information : Autoload OrmConnector - Jet->setConfig() - url     / - file init.php - line      62 - time 0.000349
Sun, 08 Jan 2012 17:18:27 - Information : Begining route parsing - Jet->run() - url     / - file init.php - line      63 - time 0.000558
Sun, 08 Jan 2012 17:18:27 - Information : Autoload Router - Jet->run() - url     / - file init.php - line      63 - time 0.022085
Sun, 08 Jan 2012 17:18:27 - Information : Empty user uri, render default - Router->match() - url     / - file router.php - line      57 - time 0.022344
Sun, 08 Jan 2012 17:18:27 - Information : Autoload HttpResponse - DebugLog->__construct() - url     / - file debugLog.php - line      58 - time 0.023642
Sun, 08 Jan 2012 17:18:27 - Information : Added a listerner at beforeRender - Jet->addAction() - url     / - file debugLog.php - line      33 - time 0.023796
Sun, 08 Jan 2012 17:18:27 - Information : Asked controller and action : Index->congrats - Jet->render() - url     / - file jet.php - line     132 - time 0.024246
Sun, 08 Jan 2012 17:18:27 - Information : Autoload Controller - Jet->render() - url     / - file jet.php - line     132 - time 0.025117
Sun, 08 Jan 2012 17:18:27 - Information : Autoload ViewBridge - Jet->render() - url     / - file jet.php - line     132 - time 0.025992
Sun, 08 Jan 2012 17:18:27 - Information : Autoload ViewJet - Jet->render() - url     / - file jet.php - line     132 - time 0.026096
Sun, 08 Jan 2012 17:18:27 - Information : LauchAction : congrats - Jet->lauchAction() - url     / - file jet.php - line     268 - time 0.026937
Sun, 08 Jan 2012 17:18:27 - Information : Loaded view : partial/home - ViewJet->load() - url     / - file Index.php - line       9 - time 0.046635
Sun, 08 Jan 2012 17:18:27 - Information : Render layout - Jet->render() - url     / - file jet.php - line     132 - time 0.046827
Sun, 08 Jan 2012 17:18:27 - Information : LauchAction : showLogBar - Jet->lauchAction() - url     / - file jet.php - line     305 - time 0.047461
Sun, 08 Jan 2012 17:18:27 - Information : Autoload OrmWrapper - DebugLog->showLogBar() - url     / - file jet.php - line     352 - time 0.048796
Sun, 08 Jan 2012 17:18:27 - Information : Autoload HttpHeader - HttpResponse->setHeader() - url     / - file response.php - line     214 - time 0.049068
Sun, 08 Jan 2012 17:18:27 - Information : Set header Content-Length : 4150 - HttpHeader->__construct() - url     / - file response.php - line     110 - time 0.049419
Sun, 08 Jan 2012 17:18:27 - Information : Loaded view : index - ViewJet->load() - url     / - file jet.php - line     207 - time 0.050465
Sun, 08 Jan 2012 17:18:27 - Information : Render Http Response - Jet->render() - url     / - file jet.php - line     132 - time 0.050803
Sun, 08 Jan 2012 17:18:27 - Information : Set header Content-Length : 4553 - HttpHeader->__construct() - url     / - file response.php - line     110 - time 0.051396
Sun, 08 Jan 2012 17:18:27 - Information : Finish render - Jet->render() - url     / - file jet.php - line     132 - time 0.052034
Sun, 08 Jan 2012 21:17:40 - Information : Autoload HttpRequest - require() - url     / - file index.php - line      43 - time 0.243766
Sun, 08 Jan 2012 21:17:40 - Information : Autoload Jet - require() - url     / - file index.php - line      43 - time 0.243927
Sun, 08 Jan 2012 21:17:40 - Information : Autoload Log - require() - url     / - file index.php - line      43 - time 0.244606
Sun, 08 Jan 2012 21:17:40 - Information : Autoload OrmConnector - Jet->setConfig() - url     / - file init.php - line      62 - time 0.015312
Sun, 08 Jan 2012 21:17:40 - Information : Begining route parsing - Jet->run() - url     / - file init.php - line      63 - time 0.015484
Sun, 08 Jan 2012 21:17:40 - Information : Autoload Router - Jet->run() - url     / - file init.php - line      63 - time 0.030127
Sun, 08 Jan 2012 21:17:40 - Information : Empty user uri, render default - Router->match() - url     / - file router.php - line      57 - time 0.030366
Sun, 08 Jan 2012 21:17:40 - Information : Autoload HttpResponse - DebugLog->__construct() - url     / - file debugLog.php - line      58 - time 0.046785
Sun, 08 Jan 2012 21:17:40 - Information : Added a listerner at beforeRender - Jet->addAction() - url     / - file debugLog.php - line      33 - time 0.046962
Sun, 08 Jan 2012 21:17:40 - Information : Asked controller and action : Index->congrats - Jet->render() - url     / - file jet.php - line     132 - time   0.0481
Sun, 08 Jan 2012 21:17:40 - Information : Autoload Controller - Jet->render() - url     / - file jet.php - line     132 - time 0.048846
Sun, 08 Jan 2012 21:17:40 - Information : Autoload ViewBridge - Jet->render() - url     / - file jet.php - line     132 - time 0.057937
Sun, 08 Jan 2012 21:17:40 - Information : Autoload ViewJet - Jet->render() - url     / - file jet.php - line     132 - time 0.058069
Sun, 08 Jan 2012 21:17:40 - Information : Autoload ModelManager - Jet->render() - url     / - file jet.php - line     132 - time 0.058637
Sun, 08 Jan 2012 21:18:18 - Information : Autoload HttpRequest - require() - url     / - file index.php - line      43 - time 0.787355
Sun, 08 Jan 2012 21:18:18 - Information : Autoload Jet - require() - url     / - file index.php - line      43 - time 0.787545
Sun, 08 Jan 2012 21:18:18 - Information : Autoload Log - require() - url     / - file index.php - line      43 - time 0.788097
Sun, 08 Jan 2012 21:18:18 - Information : Autoload OrmConnector - Jet->setConfig() - url     / - file init.php - line      64 - time 0.000465
Sun, 08 Jan 2012 21:18:18 - Information : Begining route parsing - Jet->run() - url     / - file init.php - line      65 - time 0.002207
Sun, 08 Jan 2012 21:18:18 - Information : Autoload Router - Jet->run() - url     / - file init.php - line      65 - time 0.003348
Sun, 08 Jan 2012 21:18:18 - Information : Empty user uri, render default - Router->match() - url     / - file router.php - line      57 - time 0.003535
Sun, 08 Jan 2012 21:18:18 - Information : Autoload HttpResponse - DebugLog->__construct() - url     / - file debugLog.php - line      58 - time 0.004859
Sun, 08 Jan 2012 21:18:18 - Information : Added a listerner at beforeRender - Jet->addAction() - url     / - file debugLog.php - line      33 - time 0.005032
Sun, 08 Jan 2012 21:18:18 - Information : Asked controller and action : Index->congrats - Jet->render() - url     / - file jet.php - line     132 - time 0.006702
Sun, 08 Jan 2012 21:18:18 - Information : Autoload Controller - Jet->render() - url     / - file jet.php - line     132 - time 0.007963
Sun, 08 Jan 2012 21:18:18 - Information : Autoload ViewBridge - Jet->render() - url     / - file jet.php - line     132 - time 0.009242
Sun, 08 Jan 2012 21:18:18 - Information : Autoload ViewJet - Jet->render() - url     / - file jet.php - line     132 - time 0.009628
Sun, 08 Jan 2012 21:18:18 - Information : Autoload ModelManager - Jet->render() - url     / - file jet.php - line     132 - time 0.010744
Sun, 08 Jan 2012 21:20:08 - Information : Autoload HttpRequest - require() - url     / - file index.php - line      43 - time 0.223837
Sun, 08 Jan 2012 21:20:08 - Information : Autoload Jet - require() - url     / - file index.php - line      43 - time 0.224002
Sun, 08 Jan 2012 21:20:08 - Information : Autoload Log - require() - url     / - file index.php - line      43 - time  0.22623
Sun, 08 Jan 2012 21:20:08 - Information : Autoload OrmConnector - Jet->setConfig() - url     / - file init.php - line      67 - time 0.000361
Sun, 08 Jan 2012 21:20:08 - Information : Begining route parsing - Jet->run() - url     / - file init.php - line      68 - time  0.00136
Sun, 08 Jan 2012 21:20:08 - Information : Autoload Router - Jet->run() - url     / - file init.php - line      68 - time   0.0022
Sun, 08 Jan 2012 21:20:08 - Information : Empty user uri, render default - Router->match() - url     / - file router.php - line      57 - time  0.00243
Sun, 08 Jan 2012 21:20:08 - Information : Autoload HttpResponse - DebugLog->__construct() - url     / - file debugLog.php - line      58 - time 0.003572
Sun, 08 Jan 2012 21:20:08 - Information : Added a listerner at beforeRender - Jet->addAction() - url     / - file debugLog.php - line      33 - time 0.003675
Sun, 08 Jan 2012 21:20:08 - Information : Asked controller and action : Index->congrats - Jet->render() - url     / - file jet.php - line     132 - time 0.004213
Sun, 08 Jan 2012 21:20:08 - Information : Autoload Controller - Jet->render() - url     / - file jet.php - line     132 - time 0.005217
Sun, 08 Jan 2012 21:20:08 - Information : Autoload ViewBridge - Jet->render() - url     / - file jet.php - line     132 - time 0.005908
Sun, 08 Jan 2012 21:20:08 - Information : Autoload ViewJet - Jet->render() - url     / - file jet.php - line     132 - time 0.006027
Sun, 08 Jan 2012 21:20:08 - Information : Autoload ModelManager - Jet->render() - url     / - file jet.php - line     132 - time 0.006856
Sun, 08 Jan 2012 21:20:08 - Information : LauchAction : congrats - Jet->lauchAction() - url     / - file jet.php - line     268 - time 0.007338
Sun, 08 Jan 2012 21:20:08 - Information : Loaded view : partial/home - ViewJet->load() - url     / - file Index.php - line       9 - time 0.046095
Sun, 08 Jan 2012 21:20:08 - Information : Render layout - Jet->render() - url     / - file jet.php - line     132 - time 0.046265
Sun, 08 Jan 2012 21:20:08 - Information : LauchAction : showLogBar - Jet->lauchAction() - url     / - file jet.php - line     305 - time 0.046696
Sun, 08 Jan 2012 21:20:08 - Information : Autoload OrmWrapper - DebugLog->showLogBar() - url     / - file jet.php - line     352 - time 0.062142
Sun, 08 Jan 2012 21:20:08 - Information : Autoload HttpHeader - HttpResponse->setHeader() - url     / - file response.php - line     214 - time 0.082857
Sun, 08 Jan 2012 21:20:08 - Information : Set header Content-Length : 4296 - HttpHeader->__construct() - url     / - file response.php - line     110 - time 0.083037
Sun, 08 Jan 2012 21:20:08 - Information : Loaded view : index - ViewJet->load() - url     / - file jet.php - line     207 - time 0.104488
Sun, 08 Jan 2012 21:20:08 - Information : Render Http Response - Jet->render() - url     / - file jet.php - line     132 - time 0.104652
Sun, 08 Jan 2012 21:20:08 - Information : Set header Content-Length : 4699 - HttpHeader->__construct() - url     / - file response.php - line     110 - time 0.105117
Sun, 08 Jan 2012 21:20:08 - Information : Finish render - Jet->render() - url     / - file jet.php - line     132 - time 0.105666
Sun, 08 Jan 2012 21:25:30 - Information : Autoload HttpRequest - require() - url     / - file index.php - line      43 - time 0.015027
Sun, 08 Jan 2012 21:25:30 - Information : Autoload Jet - require() - url     / - file index.php - line      43 - time 0.015315
Sun, 08 Jan 2012 21:25:30 - Information : Autoload Log - require() - url     / - file index.php - line      43 - time 0.017429
Sun, 08 Jan 2012 21:25:30 - Information : Autoload OrmConnector - Jet->setConfig() - url     / - file init.php - line      67 - time 0.000444
Sun, 08 Jan 2012 21:25:30 - Information : Begining route parsing - Jet->run() - url     / - file init.php - line      68 - time 0.001348
Sun, 08 Jan 2012 21:25:30 - Information : Autoload Router - Jet->run() - url     / - file init.php - line      68 - time 0.002327
Sun, 08 Jan 2012 21:25:30 - Information : Empty user uri, render default - Router->match() - url     / - file router.php - line      57 - time 0.002533
Sun, 08 Jan 2012 21:25:30 - Information : Autoload HttpResponse - DebugLog->__construct() - url     / - file debugLog.php - line      58 - time 0.003746
Sun, 08 Jan 2012 21:25:30 - Information : Added a listerner at beforeRender - Jet->addAction() - url     / - file debugLog.php - line      33 - time 0.003849
Sun, 08 Jan 2012 21:25:30 - Information : Asked controller and action : Index->congrats - Jet->render() - url     / - file jet.php - line     132 - time 0.004644
Sun, 08 Jan 2012 21:25:30 - Information : Autoload Controller - Jet->render() - url     / - file jet.php - line     132 - time 0.005451
Sun, 08 Jan 2012 21:25:30 - Information : Autoload ViewBridge - Jet->render() - url     / - file jet.php - line     132 - time  0.00602
Sun, 08 Jan 2012 21:25:30 - Information : Autoload ViewJet - Jet->render() - url     / - file jet.php - line     132 - time 0.006124
Sun, 08 Jan 2012 21:25:30 - Information : Autoload ModelManager - Jet->render() - url     / - file jet.php - line     132 - time 0.006933
Sun, 08 Jan 2012 21:25:30 - Information : LauchAction : congrats - Jet->lauchAction() - url     / - file jet.php - line     268 - time  0.00742
Sun, 08 Jan 2012 21:25:30 - Information : Loaded view : partial/home - ViewJet->load() - url     / - file Index.php - line       9 - time 0.008032
Sun, 08 Jan 2012 21:25:30 - Information : Render layout - Jet->render() - url     / - file jet.php - line     132 - time 0.008489
Sun, 08 Jan 2012 21:25:30 - Information : LauchAction : showLogBar - Jet->lauchAction() - url     / - file jet.php - line     305 - time 0.008978
Sun, 08 Jan 2012 21:25:30 - Information : Autoload OrmWrapper - DebugLog->showLogBar() - url     / - file jet.php - line     352 - time 0.010415
Sun, 08 Jan 2012 21:25:30 - Information : Autoload HttpHeader - HttpResponse->setHeader() - url     / - file response.php - line     214 - time 0.010694
Sun, 08 Jan 2012 21:25:30 - Information : Set header Content-Length : 4296 - HttpHeader->__construct() - url     / - file response.php - line     110 - time 0.011036
Sun, 08 Jan 2012 21:25:30 - Information : Loaded view : index - ViewJet->load() - url     / - file jet.php - line     207 - time  0.01167
Sun, 08 Jan 2012 21:25:30 - Information : Render Http Response - Jet->render() - url     / - file jet.php - line     132 - time 0.012046
Sun, 08 Jan 2012 21:25:30 - Information : Set header Content-Length : 4699 - HttpHeader->__construct() - url     / - file response.php - line     110 - time 0.012584
Sun, 08 Jan 2012 21:25:30 - Information : Finish render - Jet->render() - url     / - file jet.php - line     132 - time 0.013138
Sun, 08 Jan 2012 21:28:21 - Information : Autoload HttpRequest - require() - url     / - file index.php - line      43 - time 0.096944
Sun, 08 Jan 2012 21:28:21 - Information : Autoload Jet - require() - url     / - file index.php - line      43 - time 0.097345
Sun, 08 Jan 2012 21:28:21 - Information : Autoload Log - require() - url     / - file index.php - line      43 - time 0.097922
Sun, 08 Jan 2012 21:28:21 - Information : Autoload OrmConnector - Jet->setConfig() - url     / - file init.php - line      67 - time 0.000526
Sun, 08 Jan 2012 21:28:21 - Information : Begining route parsing - Jet->run() - url     / - file init.php - line      68 - time 0.001477
Sun, 08 Jan 2012 21:28:21 - Information : Autoload Router - Jet->run() - url     / - file init.php - line      68 - time 0.003731
Sun, 08 Jan 2012 21:28:21 - Information : Empty user uri, render default - Router->match() - url     / - file router.php - line      57 - time 0.004002
Sun, 08 Jan 2012 21:28:21 - Information : Autoload HttpResponse - DebugLog->__construct() - url     / - file debugLog.php - line      58 - time 0.005142
Sun, 08 Jan 2012 21:28:21 - Information : Added a listerner at beforeRender - Jet->addAction() - url     / - file debugLog.php - line      33 - time 0.005278
Sun, 08 Jan 2012 21:28:21 - Information : Asked controller and action : Index->congrats - Jet->render() - url     / - file jet.php - line     132 - time  0.00579
Sun, 08 Jan 2012 21:28:21 - Information : Autoload Controller - Jet->render() - url     / - file jet.php - line     132 - time 0.007035
Sun, 08 Jan 2012 21:28:21 - Information : Autoload ViewBridge - Jet->render() - url     / - file jet.php - line     132 - time 0.007719
Sun, 08 Jan 2012 21:28:21 - Information : Autoload ViewJet - Jet->render() - url     / - file jet.php - line     132 - time 0.007846
Sun, 08 Jan 2012 21:28:21 - Information : Autoload ModelManager - Jet->render() - url     / - file jet.php - line     132 - time 0.008502
Sun, 08 Jan 2012 21:28:21 - Information : LauchAction : congrats - Jet->lauchAction() - url     / - file jet.php - line     268 - time 0.008963
Sun, 08 Jan 2012 21:28:21 - Information : Loaded view : partial/home - ViewJet->load() - url     / - file Index.php - line       9 - time 0.010964
Sun, 08 Jan 2012 21:28:21 - Information : Autoload OrmWrapper - ModelManager->load() - url     / - file Index.php - line      10 - time 0.012387
Sun, 08 Jan 2012 21:28:21 - Information : Autoload Model - ModelManager->load() - url     / - file Index.php - line      10 - time  0.01254
Sun, 08 Jan 2012 21:28:21 - Information : Model loaded : essaiModel - ModelManager->load() - url     / - file Index.php - line      10 - time 0.013081
Sun, 08 Jan 2012 21:28:21 - Information : Render layout - Jet->render() - url     / - file jet.php - line     132 - time  0.06474
Sun, 08 Jan 2012 21:28:21 - Information : LauchAction : showLogBar - Jet->lauchAction() - url     / - file jet.php - line     305 - time 0.064905
Sun, 08 Jan 2012 21:28:21 - Information : Autoload HttpHeader - HttpResponse->setHeader() - url     / - file response.php - line     214 - time 0.065804
Sun, 08 Jan 2012 21:28:21 - Information : Set header Content-Length : 4756 - HttpHeader->__construct() - url     / - file response.php - line     110 - time 0.065947
Sun, 08 Jan 2012 21:28:21 - Information : Loaded view : index - ViewJet->load() - url     / - file jet.php - line     207 - time  0.06755
Sun, 08 Jan 2012 21:28:21 - Information : Render Http Response - Jet->render() - url     / - file jet.php - line     132 - time 0.068053
Sun, 08 Jan 2012 21:28:21 - Information : Set header Content-Length : 5159 - HttpHeader->__construct() - url     / - file response.php - line     110 - time 0.068622
Sun, 08 Jan 2012 21:28:21 - Information : Finish render - Jet->render() - url     / - file jet.php - line     132 - time 0.069291
Sun, 08 Jan 2012 21:28:30 - Information : Autoload HttpRequest - require() - url     / - file index.php - line      43 - time 0.278706
Sun, 08 Jan 2012 21:28:30 - Information : Autoload Jet - require() - url     / - file index.php - line      43 - time 0.278926
Sun, 08 Jan 2012 21:28:30 - Information : Autoload Log - require() - url     / - file index.php - line      43 - time 0.279681
Sun, 08 Jan 2012 21:28:30 - Information : Autoload OrmConnector - Jet->setConfig() - url     / - file init.php - line      67 - time   0.0004
Sun, 08 Jan 2012 21:28:30 - Information : Begining route parsing - Jet->run() - url     / - file init.php - line      68 - time 0.000563
Sun, 08 Jan 2012 21:28:30 - Information : Autoload Router - Jet->run() - url     / - file init.php - line      68 - time 0.001648
Sun, 08 Jan 2012 21:28:30 - Information : Empty user uri, render default - Router->match() - url     / - file router.php - line      57 - time  0.00181
Sun, 08 Jan 2012 21:28:30 - Information : Autoload HttpResponse - DebugLog->__construct() - url     / - file debugLog.php - line      58 - time 0.002821
Sun, 08 Jan 2012 21:28:30 - Information : Added a listerner at beforeRender - Jet->addAction() - url     / - file debugLog.php - line      33 - time 0.002926
Sun, 08 Jan 2012 21:28:30 - Information : Asked controller and action : Index->congrats - Jet->render() - url     / - file jet.php - line     132 - time 0.003394
Sun, 08 Jan 2012 21:28:30 - Information : Autoload Controller - Jet->render() - url     / - file jet.php - line     132 - time  0.00433
Sun, 08 Jan 2012 21:28:30 - Information : Autoload ViewBridge - Jet->render() - url     / - file jet.php - line     132 - time 0.004855
Sun, 08 Jan 2012 21:28:30 - Information : Autoload ViewJet - Jet->render() - url     / - file jet.php - line     132 - time 0.004985
Sun, 08 Jan 2012 21:28:30 - Information : Autoload ModelManager - Jet->render() - url     / - file jet.php - line     132 - time 0.005791
Sun, 08 Jan 2012 21:28:30 - Information : LauchAction : congrats - Jet->lauchAction() - url     / - file jet.php - line     268 - time 0.006284
Sun, 08 Jan 2012 21:28:30 - Information : Loaded view : partial/home - ViewJet->load() - url     / - file Index.php - line       9 - time  0.00685
Sun, 08 Jan 2012 21:28:30 - Information : Autoload OrmWrapper - ModelManager->load() - url     / - file Index.php - line      10 - time 0.008765
Sun, 08 Jan 2012 21:28:30 - Information : Autoload Model - ModelManager->load() - url     / - file Index.php - line      10 - time 0.009085
Sun, 08 Jan 2012 21:28:30 - Information : Model loaded : essaiModel - ModelManager->load() - url     / - file Index.php - line      10 - time 0.009518
Sun, 08 Jan 2012 21:28:30 - Information : Render layout - Jet->render() - url     / - file jet.php - line     132 - time 0.017604
Sun, 08 Jan 2012 21:28:30 - Information : LauchAction : showLogBar - Jet->lauchAction() - url     / - file jet.php - line     305 - time 0.017769
Sun, 08 Jan 2012 21:28:30 - Information : Autoload HttpHeader - HttpResponse->setHeader() - url     / - file response.php - line     214 - time 0.018454
Sun, 08 Jan 2012 21:28:30 - Information : Set header Content-Length : 4792 - HttpHeader->__construct() - url     / - file response.php - line     110 - time 0.018789
Sun, 08 Jan 2012 21:28:30 - Information : Loaded view : index - ViewJet->load() - url     / - file jet.php - line     207 - time 0.019445
Sun, 08 Jan 2012 21:28:30 - Information : Render Http Response - Jet->render() - url     / - file jet.php - line     132 - time 0.019825
Sun, 08 Jan 2012 21:28:30 - Information : Set header Content-Length : 5195 - HttpHeader->__construct() - url     / - file response.php - line     110 - time 0.020491
Sun, 08 Jan 2012 21:28:30 - Information : Finish render - Jet->render() - url     / - file jet.php - line     132 - time 0.021221
Sun, 08 Jan 2012 21:28:42 - Information : Autoload HttpRequest - require() - url     / - file index.php - line      43 - time 0.652549
Sun, 08 Jan 2012 21:28:42 - Information : Autoload Jet - require() - url     / - file index.php - line      43 - time 0.652753
Sun, 08 Jan 2012 21:28:42 - Information : Autoload Log - require() - url     / - file index.php - line      43 - time 0.653375
Sun, 08 Jan 2012 21:28:42 - Information : Autoload OrmConnector - Jet->setConfig() - url     / - file init.php - line      67 - time 0.000899
Sun, 08 Jan 2012 21:28:42 - Information : Begining route parsing - Jet->run() - url     / - file init.php - line      68 - time 0.001544
Sun, 08 Jan 2012 21:28:42 - Information : Autoload Router - Jet->run() - url     / - file init.php - line      68 - time 0.002983
Sun, 08 Jan 2012 21:28:42 - Information : Empty user uri, render default - Router->match() - url     / - file router.php - line      57 - time 0.003607
Sun, 08 Jan 2012 21:28:42 - Information : Autoload HttpResponse - DebugLog->__construct() - url     / - file debugLog.php - line      58 - time 0.005288
Sun, 08 Jan 2012 21:28:42 - Information : Added a listerner at beforeRender - Jet->addAction() - url     / - file debugLog.php - line      33 - time 0.005498
Sun, 08 Jan 2012 21:28:42 - Information : Asked controller and action : Index->congrats - Jet->render() - url     / - file jet.php - line     132 - time 0.007307
Sun, 08 Jan 2012 21:28:42 - Information : Autoload Controller - Jet->render() - url     / - file jet.php - line     132 - time 0.008459
Sun, 08 Jan 2012 21:28:42 - Information : Autoload ViewBridge - Jet->render() - url     / - file jet.php - line     132 - time 0.009312
Sun, 08 Jan 2012 21:28:42 - Information : Autoload ViewJet - Jet->render() - url     / - file jet.php - line     132 - time 0.009502
Sun, 08 Jan 2012 21:28:42 - Information : Autoload ModelManager - Jet->render() - url     / - file jet.php - line     132 - time 0.010222
Sun, 08 Jan 2012 21:28:42 - Information : LauchAction : congrats - Jet->lauchAction() - url     / - file jet.php - line     268 - time 0.010599
Sun, 08 Jan 2012 21:28:42 - Information : Loaded view : partial/home - ViewJet->load() - url     / - file Index.php - line       9 - time 0.011325
Sun, 08 Jan 2012 21:28:42 - Information : Autoload OrmWrapper - ModelManager->load() - url     / - file Index.php - line      10 - time 0.013241
Sun, 08 Jan 2012 21:28:42 - Information : Autoload Model - ModelManager->load() - url     / - file Index.php - line      10 - time 0.013564
Sun, 08 Jan 2012 21:28:42 - Information : Model loaded : essaiModel - ModelManager->load() - url     / - file Index.php - line      10 - time 0.014142
Sun, 08 Jan 2012 21:28:42 - Information : Render layout - Jet->render() - url     / - file jet.php - line     132 - time 0.027394
Sun, 08 Jan 2012 21:28:42 - Information : LauchAction : showLogBar - Jet->lauchAction() - url     / - file jet.php - line     305 - time 0.028283
Sun, 08 Jan 2012 21:28:42 - Information : Autoload HttpHeader - HttpResponse->setHeader() - url     / - file response.php - line     214 - time 0.028867
Sun, 08 Jan 2012 21:28:42 - Information : Set header Content-Length : 4792 - HttpHeader->__construct() - url     / - file response.php - line     110 - time 0.029028
Sun, 08 Jan 2012 21:28:42 - Information : Loaded view : index - ViewJet->load() - url     / - file jet.php - line     207 - time 0.031836
Sun, 08 Jan 2012 21:28:42 - Information : Render Http Response - Jet->render() - url     / - file jet.php - line     132 - time 0.032312
Sun, 08 Jan 2012 21:28:42 - Information : Set header Content-Length : 5195 - HttpHeader->__construct() - url     / - file response.php - line     110 - time 0.032852
Sun, 08 Jan 2012 21:28:42 - Information : Finish render - Jet->render() - url     / - file jet.php - line     132 - time 0.033315
Sun, 08 Jan 2012 21:42:22 - Information : Autoload HttpRequest - require() - url     / - file index.php - line      43 - time 0.452548
Sun, 08 Jan 2012 21:42:22 - Information : Autoload Jet - require() - url     / - file index.php - line      43 - time 0.452717
Sun, 08 Jan 2012 21:42:22 - Information : Autoload Log - require() - url     / - file index.php - line      43 - time 0.453443
Sun, 08 Jan 2012 21:42:22 - Information : Autoload OrmConnector - Jet->setConfig() - url     / - file init.php - line      67 - time 0.000407
Sun, 08 Jan 2012 21:42:22 - Information : Begining route parsing - Jet->run() - url     / - file init.php - line      68 - time 0.000656
Sun, 08 Jan 2012 21:42:22 - Information : Autoload Router - Jet->run() - url     / - file init.php - line      68 - time 0.014352
Sun, 08 Jan 2012 21:42:22 - Information : Empty user uri, render default - Router->match() - url     / - file router.php - line      57 - time 0.014561
Sun, 08 Jan 2012 21:42:22 - Information : Autoload HttpResponse - DebugLog->__construct() - url     / - file debugLog.php - line      58 - time 0.024984
Sun, 08 Jan 2012 21:42:22 - Information : Added a listerner at beforeRender - Jet->addAction() - url     / - file debugLog.php - line      33 - time 0.025161
Sun, 08 Jan 2012 21:42:22 - Information : Asked controller and action : Index->congrats - Jet->render() - url     / - file jet.php - line     132 - time  0.02568
Sun, 08 Jan 2012 21:42:22 - Information : Autoload Controller - Jet->render() - url     / - file jet.php - line     132 - time 0.026616
Sun, 08 Jan 2012 21:42:22 - Information : Autoload ViewBridge - Jet->render() - url     / - file jet.php - line     132 - time 0.027296
Sun, 08 Jan 2012 21:42:22 - Information : Autoload ViewJet - Jet->render() - url     / - file jet.php - line     132 - time 0.027495
Sun, 08 Jan 2012 21:42:22 - Information : Autoload ModelManager - Jet->render() - url     / - file jet.php - line     132 - time 0.028255
Sun, 08 Jan 2012 21:42:22 - Information : LauchAction : congrats - Jet->lauchAction() - url     / - file jet.php - line     268 - time 0.028767
Sun, 08 Jan 2012 21:42:22 - Information : Loaded view : partial/home - ViewJet->load() - url     / - file Index.php - line       9 - time 0.029466
Sun, 08 Jan 2012 21:42:22 - Information : Autoload OrmWrapper - ModelManager->load() - url     / - file Index.php - line      10 - time 0.030931
Sun, 08 Jan 2012 21:42:22 - Information : Autoload Model - ModelManager->load() - url     / - file Index.php - line      10 - time 0.031065
Sun, 08 Jan 2012 21:42:22 - Information : Model loaded : essaiModel - ModelManager->load() - url     / - file Index.php - line      10 - time 0.031505
Sun, 08 Jan 2012 21:42:22 - Information : Render layout - Jet->render() - url     / - file jet.php - line     132 - time 0.039639
Sun, 08 Jan 2012 21:42:22 - Information : LauchAction : showLogBar - Jet->lauchAction() - url     / - file jet.php - line     305 - time  0.03982
Sun, 08 Jan 2012 21:42:22 - Information : Autoload HttpHeader - HttpResponse->setHeader() - url     / - file response.php - line     214 - time 0.040435
Sun, 08 Jan 2012 21:42:22 - Information : Set header Content-Length : 4792 - HttpHeader->__construct() - url     / - file response.php - line     110 - time 0.040803
Sun, 08 Jan 2012 21:42:22 - Information : Loaded view : index - ViewJet->load() - url     / - file jet.php - line     207 - time 0.041431
Sun, 08 Jan 2012 21:42:22 - Information : Render Http Response - Jet->render() - url     / - file jet.php - line     132 - time  0.04183
Sun, 08 Jan 2012 21:42:22 - Information : Set header Content-Length : 5195 - HttpHeader->__construct() - url     / - file response.php - line     110 - time 0.042371
Sun, 08 Jan 2012 21:42:22 - Information : Finish render - Jet->render() - url     / - file jet.php - line     132 - time 0.042888
